{"/Volumes/GHOUST/Coding/Node JS/Travel_Assistant/backend/dist/RefreshTokenUser/RefreshTokenUserController.js": {"path":"/Volumes/GHOUST/Coding/Node JS/Travel_Assistant/backend/dist/RefreshTokenUser/RefreshTokenUserController.js","statementMap":{"0":{"start":{"line":2,"column":0},"end":{"line":2,"column":62}},"1":{"start":{"line":3,"column":0},"end":{"line":3,"column":44}},"2":{"start":{"line":4,"column":34},"end":{"line":4,"column":70}},"3":{"start":{"line":7,"column":34},"end":{"line":7,"column":42}},"4":{"start":{"line":8,"column":40},"end":{"line":8,"column":95}},"5":{"start":{"line":9,"column":22},"end":{"line":9,"column":68}},"6":{"start":{"line":10,"column":8},"end":{"line":10,"column":31}},"7":{"start":{"line":13,"column":0},"end":{"line":13,"column":64}}},"fnMap":{"0":{"name":"(anonymous_0)","decl":{"start":{"line":6,"column":4},"end":{"line":6,"column":5}},"loc":{"start":{"line":6,"column":27},"end":{"line":11,"column":5}},"line":6}},"branchMap":{},"s":{"0":2,"1":2,"2":2,"3":0,"4":0,"5":0,"6":0,"7":2},"f":{"0":0},"b":{},"_coverageSchema":"1a1c01bbd47fc00a2c39e90264f33305004495a9","hash":"1d7083a37bd09733b2f6e19e08b87be8df4f57da"}
,"/Volumes/GHOUST/Coding/Node JS/Travel_Assistant/backend/dist/RefreshTokenUser/RefreshTokenUserUseCase.js": {"path":"/Volumes/GHOUST/Coding/Node JS/Travel_Assistant/backend/dist/RefreshTokenUser/RefreshTokenUserUseCase.js","statementMap":{"0":{"start":{"line":2,"column":22},"end":{"line":4,"column":1}},"1":{"start":{"line":3,"column":4},"end":{"line":3,"column":62}},"2":{"start":{"line":5,"column":0},"end":{"line":5,"column":62}},"3":{"start":{"line":6,"column":0},"end":{"line":6,"column":41}},"4":{"start":{"line":7,"column":17},"end":{"line":7,"column":42}},"5":{"start":{"line":8,"column":31},"end":{"line":8,"column":74}},"6":{"start":{"line":9,"column":16},"end":{"line":9,"column":49}},"7":{"start":{"line":12,"column":23},"end":{"line":12,"column":50}},"8":{"start":{"line":13,"column":29},"end":{"line":17,"column":10}},"9":{"start":{"line":18,"column":8},"end":{"line":20,"column":9}},"10":{"start":{"line":19,"column":12},"end":{"line":19,"column":54}},"11":{"start":{"line":22,"column":36},"end":{"line":22,"column":112}},"12":{"start":{"line":23,"column":8},"end":{"line":23,"column":41}},"13":{"start":{"line":24,"column":37},"end":{"line":24,"column":86}},"14":{"start":{"line":25,"column":22},"end":{"line":25,"column":71}},"15":{"start":{"line":26,"column":8},"end":{"line":35,"column":9}},"16":{"start":{"line":27,"column":12},"end":{"line":31,"column":15}},"17":{"start":{"line":32,"column":49},"end":{"line":32,"column":98}},"18":{"start":{"line":33,"column":36},"end":{"line":33,"column":99}},"19":{"start":{"line":34,"column":12},"end":{"line":34,"column":46}},"20":{"start":{"line":36,"column":8},"end":{"line":36,"column":25}},"21":{"start":{"line":39,"column":0},"end":{"line":39,"column":58}}},"fnMap":{"0":{"name":"(anonymous_0)","decl":{"start":{"line":2,"column":56},"end":{"line":2,"column":57}},"loc":{"start":{"line":2,"column":71},"end":{"line":4,"column":1}},"line":2},"1":{"name":"(anonymous_1)","decl":{"start":{"line":11,"column":4},"end":{"line":11,"column":5}},"loc":{"start":{"line":11,"column":33},"end":{"line":37,"column":5}},"line":11}},"branchMap":{"0":{"loc":{"start":{"line":2,"column":22},"end":{"line":4,"column":1}},"type":"binary-expr","locations":[{"start":{"line":2,"column":23},"end":{"line":2,"column":27}},{"start":{"line":2,"column":31},"end":{"line":2,"column":51}},{"start":{"line":2,"column":56},"end":{"line":4,"column":1}}],"line":2},"1":{"loc":{"start":{"line":3,"column":11},"end":{"line":3,"column":61}},"type":"cond-expr","locations":[{"start":{"line":3,"column":37},"end":{"line":3,"column":40}},{"start":{"line":3,"column":43},"end":{"line":3,"column":61}}],"line":3},"2":{"loc":{"start":{"line":3,"column":12},"end":{"line":3,"column":33}},"type":"binary-expr","locations":[{"start":{"line":3,"column":12},"end":{"line":3,"column":15}},{"start":{"line":3,"column":19},"end":{"line":3,"column":33}}],"line":3},"3":{"loc":{"start":{"line":18,"column":8},"end":{"line":20,"column":9}},"type":"if","locations":[{"start":{"line":18,"column":8},"end":{"line":20,"column":9}},{"start":{},"end":{}}],"line":18},"4":{"loc":{"start":{"line":26,"column":8},"end":{"line":35,"column":9}},"type":"if","locations":[{"start":{"line":26,"column":8},"end":{"line":35,"column":9}},{"start":{},"end":{}}],"line":26}},"s":{"0":2,"1":2,"2":2,"3":2,"4":2,"5":2,"6":2,"7":0,"8":0,"9":0,"10":0,"11":0,"12":0,"13":0,"14":0,"15":0,"16":0,"17":0,"18":0,"19":0,"20":0,"21":2},"f":{"0":2,"1":0},"b":{"0":[2,2,2],"1":[0,2],"2":[2,2],"3":[0,0],"4":[0,0]},"_coverageSchema":"1a1c01bbd47fc00a2c39e90264f33305004495a9","hash":"981ce63488459e690d7ce51263fcda4a21d337b5"}
,"/Volumes/GHOUST/Coding/Node JS/Travel_Assistant/backend/dist/controllers/AuthController.js": {"path":"/Volumes/GHOUST/Coding/Node JS/Travel_Assistant/backend/dist/controllers/AuthController.js","statementMap":{"0":{"start":{"line":2,"column":22},"end":{"line":4,"column":1}},"1":{"start":{"line":3,"column":4},"end":{"line":3,"column":62}},"2":{"start":{"line":5,"column":0},"end":{"line":5,"column":62}},"3":{"start":{"line":6,"column":0},"end":{"line":6,"column":86}},"4":{"start":{"line":7,"column":17},"end":{"line":7,"column":42}},"5":{"start":{"line":8,"column":28},"end":{"line":8,"column":56}},"6":{"start":{"line":9,"column":19},"end":{"line":9,"column":55}},"7":{"start":{"line":10,"column":23},"end":{"line":10,"column":63}},"8":{"start":{"line":11,"column":24},"end":{"line":11,"column":79}},"9":{"start":{"line":12,"column":31},"end":{"line":12,"column":74}},"10":{"start":{"line":13,"column":32},"end":{"line":13,"column":76}},"11":{"start":{"line":14,"column":15},"end":{"line":14,"column":42}},"12":{"start":{"line":15,"column":14},"end":{"line":46,"column":1}},"13":{"start":{"line":16,"column":32},"end":{"line":16,"column":40}},"14":{"start":{"line":18,"column":17},"end":{"line":18,"column":74}},"15":{"start":{"line":19,"column":4},"end":{"line":22,"column":5}},"16":{"start":{"line":20,"column":8},"end":{"line":20,"column":92}},"17":{"start":{"line":21,"column":8},"end":{"line":21,"column":15}},"18":{"start":{"line":23,"column":4},"end":{"line":23,"column":22}},"19":{"start":{"line":24,"column":20},"end":{"line":24,"column":77}},"20":{"start":{"line":25,"column":4},"end":{"line":28,"column":5}},"21":{"start":{"line":26,"column":8},"end":{"line":26,"column":65}},"22":{"start":{"line":27,"column":8},"end":{"line":27,"column":15}},"23":{"start":{"line":29,"column":34},"end":{"line":29,"column":85}},"24":{"start":{"line":30,"column":18},"end":{"line":30,"column":65}},"25":{"start":{"line":31,"column":4},"end":{"line":35,"column":7}},"26":{"start":{"line":36,"column":33},"end":{"line":36,"column":82}},"27":{"start":{"line":37,"column":25},"end":{"line":37,"column":74}},"28":{"start":{"line":38,"column":4},"end":{"line":45,"column":7}},"29":{"start":{"line":47,"column":0},"end":{"line":47,"column":22}},"30":{"start":{"line":63,"column":0},"end":{"line":77,"column":2}},"31":{"start":{"line":70,"column":23},"end":{"line":70,"column":69}},"32":{"start":{"line":71,"column":8},"end":{"line":74,"column":9}},"33":{"start":{"line":72,"column":12},"end":{"line":72,"column":68}},"34":{"start":{"line":73,"column":12},"end":{"line":73,"column":19}},"35":{"start":{"line":75,"column":8},"end":{"line":75,"column":15}},"36":{"start":{"line":78,"column":16},"end":{"line":91,"column":1}},"37":{"start":{"line":79,"column":4},"end":{"line":90,"column":5}},"38":{"start":{"line":80,"column":26},"end":{"line":80,"column":34}},"39":{"start":{"line":81,"column":21},"end":{"line":81,"column":81}},"40":{"start":{"line":82,"column":8},"end":{"line":84,"column":11}},"41":{"start":{"line":87,"column":8},"end":{"line":89,"column":11}},"42":{"start":{"line":92,"column":0},"end":{"line":92,"column":26}},"43":{"start":{"line":93,"column":17},"end":{"line":122,"column":1}},"44":{"start":{"line":94,"column":19},"end":{"line":94,"column":65}},"45":{"start":{"line":95,"column":4},"end":{"line":95,"column":24}},"46":{"start":{"line":96,"column":4},"end":{"line":100,"column":5}},"47":{"start":{"line":97,"column":8},"end":{"line":99,"column":76}},"48":{"start":{"line":101,"column":32},"end":{"line":101,"column":40}},"49":{"start":{"line":102,"column":4},"end":{"line":121,"column":7}},"50":{"start":{"line":105,"column":21},"end":{"line":110,"column":10}},"51":{"start":{"line":111,"column":8},"end":{"line":111,"column":20}},"52":{"start":{"line":114,"column":8},"end":{"line":114,"column":80}},"53":{"start":{"line":117,"column":8},"end":{"line":119,"column":9}},"54":{"start":{"line":118,"column":12},"end":{"line":118,"column":33}},"55":{"start":{"line":120,"column":8},"end":{"line":120,"column":18}},"56":{"start":{"line":123,"column":0},"end":{"line":123,"column":28}}},"fnMap":{"0":{"name":"(anonymous_0)","decl":{"start":{"line":2,"column":56},"end":{"line":2,"column":57}},"loc":{"start":{"line":2,"column":71},"end":{"line":4,"column":1}},"line":2},"1":{"name":"(anonymous_1)","decl":{"start":{"line":15,"column":14},"end":{"line":15,"column":15}},"loc":{"start":{"line":15,"column":40},"end":{"line":46,"column":1}},"line":15},"2":{"name":"(anonymous_2)","decl":{"start":{"line":69,"column":4},"end":{"line":69,"column":5}},"loc":{"start":{"line":69,"column":24},"end":{"line":76,"column":5}},"line":69},"3":{"name":"(anonymous_3)","decl":{"start":{"line":78,"column":16},"end":{"line":78,"column":17}},"loc":{"start":{"line":78,"column":42},"end":{"line":91,"column":1}},"line":78},"4":{"name":"(anonymous_4)","decl":{"start":{"line":93,"column":17},"end":{"line":93,"column":18}},"loc":{"start":{"line":93,"column":43},"end":{"line":122,"column":1}},"line":93},"5":{"name":"(anonymous_5)","decl":{"start":{"line":104,"column":14},"end":{"line":104,"column":15}},"loc":{"start":{"line":104,"column":28},"end":{"line":112,"column":5}},"line":104},"6":{"name":"(anonymous_6)","decl":{"start":{"line":113,"column":14},"end":{"line":113,"column":15}},"loc":{"start":{"line":113,"column":29},"end":{"line":115,"column":5}},"line":113},"7":{"name":"(anonymous_7)","decl":{"start":{"line":116,"column":15},"end":{"line":116,"column":16}},"loc":{"start":{"line":116,"column":24},"end":{"line":121,"column":5}},"line":116}},"branchMap":{"0":{"loc":{"start":{"line":2,"column":22},"end":{"line":4,"column":1}},"type":"binary-expr","locations":[{"start":{"line":2,"column":23},"end":{"line":2,"column":27}},{"start":{"line":2,"column":31},"end":{"line":2,"column":51}},{"start":{"line":2,"column":56},"end":{"line":4,"column":1}}],"line":2},"1":{"loc":{"start":{"line":3,"column":11},"end":{"line":3,"column":61}},"type":"cond-expr","locations":[{"start":{"line":3,"column":37},"end":{"line":3,"column":40}},{"start":{"line":3,"column":43},"end":{"line":3,"column":61}}],"line":3},"2":{"loc":{"start":{"line":3,"column":12},"end":{"line":3,"column":33}},"type":"binary-expr","locations":[{"start":{"line":3,"column":12},"end":{"line":3,"column":15}},{"start":{"line":3,"column":19},"end":{"line":3,"column":33}}],"line":3},"3":{"loc":{"start":{"line":19,"column":4},"end":{"line":22,"column":5}},"type":"if","locations":[{"start":{"line":19,"column":4},"end":{"line":22,"column":5}},{"start":{},"end":{}}],"line":19},"4":{"loc":{"start":{"line":25,"column":4},"end":{"line":28,"column":5}},"type":"if","locations":[{"start":{"line":25,"column":4},"end":{"line":28,"column":5}},{"start":{},"end":{}}],"line":25},"5":{"loc":{"start":{"line":71,"column":8},"end":{"line":74,"column":9}},"type":"if","locations":[{"start":{"line":71,"column":8},"end":{"line":74,"column":9}},{"start":{},"end":{}}],"line":71},"6":{"loc":{"start":{"line":96,"column":4},"end":{"line":100,"column":5}},"type":"if","locations":[{"start":{"line":96,"column":4},"end":{"line":100,"column":5}},{"start":{},"end":{}}],"line":96},"7":{"loc":{"start":{"line":117,"column":8},"end":{"line":119,"column":9}},"type":"if","locations":[{"start":{"line":117,"column":8},"end":{"line":119,"column":9}},{"start":{},"end":{}}],"line":117}},"s":{"0":3,"1":9,"2":3,"3":3,"4":3,"5":3,"6":3,"7":3,"8":3,"9":3,"10":3,"11":3,"12":3,"13":2,"14":2,"15":0,"16":0,"17":0,"18":0,"19":0,"20":0,"21":0,"22":0,"23":0,"24":0,"25":0,"26":0,"27":0,"28":0,"29":3,"30":3,"31":2,"32":2,"33":0,"34":0,"35":2,"36":3,"37":1,"38":1,"39":1,"40":1,"41":0,"42":3,"43":3,"44":2,"45":2,"46":2,"47":0,"48":2,"49":2,"50":2,"51":0,"52":0,"53":2,"54":2,"55":2,"56":3},"f":{"0":9,"1":2,"2":2,"3":1,"4":2,"5":2,"6":0,"7":2},"b":{"0":[3,3,3],"1":[3,6],"2":[9,9],"3":[0,0],"4":[0,0],"5":[0,2],"6":[0,2],"7":[2,0]},"_coverageSchema":"1a1c01bbd47fc00a2c39e90264f33305004495a9","hash":"67c889bafcb975efecff456b925bc49dbfb8458f"}
,"/Volumes/GHOUST/Coding/Node JS/Travel_Assistant/backend/dist/controllers/apiController.js": {"path":"/Volumes/GHOUST/Coding/Node JS/Travel_Assistant/backend/dist/controllers/apiController.js","statementMap":{"0":{"start":{"line":2,"column":0},"end":{"line":2,"column":62}},"1":{"start":{"line":3,"column":0},"end":{"line":3,"column":95}},"2":{"start":{"line":4,"column":22},"end":{"line":4,"column":54}},"3":{"start":{"line":5,"column":22},"end":{"line":14,"column":1}},"4":{"start":{"line":6,"column":17},"end":{"line":6,"column":32}},"5":{"start":{"line":7,"column":4},"end":{"line":13,"column":5}},"6":{"start":{"line":8,"column":31},"end":{"line":8,"column":79}},"7":{"start":{"line":9,"column":8},"end":{"line":9,"column":33}},"8":{"start":{"line":12,"column":8},"end":{"line":12,"column":61}},"9":{"start":{"line":15,"column":0},"end":{"line":15,"column":38}},"10":{"start":{"line":16,"column":15},"end":{"line":25,"column":1}},"11":{"start":{"line":17,"column":17},"end":{"line":17,"column":32}},"12":{"start":{"line":18,"column":4},"end":{"line":24,"column":5}},"13":{"start":{"line":19,"column":24},"end":{"line":19,"column":65}},"14":{"start":{"line":20,"column":8},"end":{"line":20,"column":26}},"15":{"start":{"line":23,"column":8},"end":{"line":23,"column":61}},"16":{"start":{"line":26,"column":0},"end":{"line":26,"column":24}},"17":{"start":{"line":27,"column":19},"end":{"line":36,"column":1}},"18":{"start":{"line":28,"column":17},"end":{"line":28,"column":32}},"19":{"start":{"line":29,"column":4},"end":{"line":35,"column":5}},"20":{"start":{"line":30,"column":28},"end":{"line":30,"column":73}},"21":{"start":{"line":31,"column":8},"end":{"line":31,"column":30}},"22":{"start":{"line":34,"column":8},"end":{"line":34,"column":61}},"23":{"start":{"line":37,"column":0},"end":{"line":37,"column":32}},"24":{"start":{"line":38,"column":24},"end":{"line":47,"column":1}},"25":{"start":{"line":39,"column":17},"end":{"line":39,"column":32}},"26":{"start":{"line":40,"column":4},"end":{"line":46,"column":5}},"27":{"start":{"line":41,"column":33},"end":{"line":41,"column":83}},"28":{"start":{"line":42,"column":8},"end":{"line":42,"column":35}},"29":{"start":{"line":45,"column":8},"end":{"line":45,"column":61}},"30":{"start":{"line":48,"column":0},"end":{"line":48,"column":42}}},"fnMap":{"0":{"name":"(anonymous_0)","decl":{"start":{"line":5,"column":22},"end":{"line":5,"column":23}},"loc":{"start":{"line":5,"column":42},"end":{"line":14,"column":1}},"line":5},"1":{"name":"(anonymous_1)","decl":{"start":{"line":16,"column":15},"end":{"line":16,"column":16}},"loc":{"start":{"line":16,"column":35},"end":{"line":25,"column":1}},"line":16},"2":{"name":"(anonymous_2)","decl":{"start":{"line":27,"column":19},"end":{"line":27,"column":20}},"loc":{"start":{"line":27,"column":39},"end":{"line":36,"column":1}},"line":27},"3":{"name":"(anonymous_3)","decl":{"start":{"line":38,"column":24},"end":{"line":38,"column":25}},"loc":{"start":{"line":38,"column":44},"end":{"line":47,"column":1}},"line":38}},"branchMap":{},"s":{"0":3,"1":3,"2":3,"3":3,"4":1,"5":1,"6":1,"7":1,"8":0,"9":3,"10":3,"11":1,"12":1,"13":1,"14":1,"15":0,"16":3,"17":3,"18":1,"19":1,"20":1,"21":1,"22":0,"23":3,"24":3,"25":1,"26":1,"27":1,"28":1,"29":0,"30":3},"f":{"0":1,"1":1,"2":1,"3":1},"b":{},"_coverageSchema":"1a1c01bbd47fc00a2c39e90264f33305004495a9","hash":"0abc3e15ed8c065f17f119e6fc451bb2a2b4240d"}
,"/Volumes/GHOUST/Coding/Node JS/Travel_Assistant/backend/dist/exceptions/HttpException.js": {"path":"/Volumes/GHOUST/Coding/Node JS/Travel_Assistant/backend/dist/exceptions/HttpException.js","statementMap":{"0":{"start":{"line":2,"column":0},"end":{"line":2,"column":62}},"1":{"start":{"line":5,"column":8},"end":{"line":5,"column":23}},"2":{"start":{"line":6,"column":8},"end":{"line":6,"column":29}},"3":{"start":{"line":7,"column":8},"end":{"line":7,"column":31}},"4":{"start":{"line":10,"column":0},"end":{"line":10,"column":32}}},"fnMap":{"0":{"name":"(anonymous_0)","decl":{"start":{"line":4,"column":4},"end":{"line":4,"column":5}},"loc":{"start":{"line":4,"column":33},"end":{"line":8,"column":5}},"line":4}},"branchMap":{},"s":{"0":3,"1":0,"2":0,"3":0,"4":3},"f":{"0":0},"b":{},"_coverageSchema":"1a1c01bbd47fc00a2c39e90264f33305004495a9","hash":"aff1da118f402b85c1c0b6a556fc145ab964452d"}
,"/Volumes/GHOUST/Coding/Node JS/Travel_Assistant/backend/dist/helpers/apiHelpers.js": {"path":"/Volumes/GHOUST/Coding/Node JS/Travel_Assistant/backend/dist/helpers/apiHelpers.js","statementMap":{"0":{"start":{"line":2,"column":22},"end":{"line":4,"column":1}},"1":{"start":{"line":3,"column":4},"end":{"line":3,"column":62}},"2":{"start":{"line":5,"column":0},"end":{"line":5,"column":62}},"3":{"start":{"line":6,"column":0},"end":{"line":6,"column":93}},"4":{"start":{"line":7,"column":16},"end":{"line":7,"column":49}},"5":{"start":{"line":8,"column":29},"end":{"line":17,"column":1}},"6":{"start":{"line":9,"column":4},"end":{"line":16,"column":5}},"7":{"start":{"line":10,"column":25},"end":{"line":10,"column":45}},"8":{"start":{"line":11,"column":25},"end":{"line":11,"column":129}},"9":{"start":{"line":12,"column":8},"end":{"line":12,"column":53}},"10":{"start":{"line":15,"column":8},"end":{"line":15,"column":56}},"11":{"start":{"line":18,"column":0},"end":{"line":18,"column":52}},"12":{"start":{"line":19,"column":31},"end":{"line":29,"column":1}},"13":{"start":{"line":20,"column":4},"end":{"line":28,"column":5}},"14":{"start":{"line":21,"column":28},"end":{"line":21,"column":73}},"15":{"start":{"line":22,"column":32},"end":{"line":22,"column":123}},"16":{"start":{"line":23,"column":25},"end":{"line":23,"column":67}},"17":{"start":{"line":24,"column":8},"end":{"line":24,"column":24}},"18":{"start":{"line":27,"column":8},"end":{"line":27,"column":62}},"19":{"start":{"line":30,"column":0},"end":{"line":30,"column":56}},"20":{"start":{"line":31,"column":20},"end":{"line":35,"column":1}},"21":{"start":{"line":32,"column":24},"end":{"line":32,"column":34}},"22":{"start":{"line":33,"column":24},"end":{"line":33,"column":49}},"23":{"start":{"line":34,"column":4},"end":{"line":34,"column":27}},"24":{"start":{"line":36,"column":0},"end":{"line":36,"column":34}}},"fnMap":{"0":{"name":"(anonymous_0)","decl":{"start":{"line":2,"column":56},"end":{"line":2,"column":57}},"loc":{"start":{"line":2,"column":71},"end":{"line":4,"column":1}},"line":2},"1":{"name":"(anonymous_1)","decl":{"start":{"line":8,"column":29},"end":{"line":8,"column":30}},"loc":{"start":{"line":8,"column":45},"end":{"line":17,"column":1}},"line":8},"2":{"name":"(anonymous_2)","decl":{"start":{"line":19,"column":31},"end":{"line":19,"column":32}},"loc":{"start":{"line":19,"column":47},"end":{"line":29,"column":1}},"line":19},"3":{"name":"(anonymous_3)","decl":{"start":{"line":31,"column":20},"end":{"line":31,"column":21}},"loc":{"start":{"line":31,"column":32},"end":{"line":35,"column":1}},"line":31}},"branchMap":{"0":{"loc":{"start":{"line":2,"column":22},"end":{"line":4,"column":1}},"type":"binary-expr","locations":[{"start":{"line":2,"column":23},"end":{"line":2,"column":27}},{"start":{"line":2,"column":31},"end":{"line":2,"column":51}},{"start":{"line":2,"column":56},"end":{"line":4,"column":1}}],"line":2},"1":{"loc":{"start":{"line":3,"column":11},"end":{"line":3,"column":61}},"type":"cond-expr","locations":[{"start":{"line":3,"column":37},"end":{"line":3,"column":40}},{"start":{"line":3,"column":43},"end":{"line":3,"column":61}}],"line":3},"2":{"loc":{"start":{"line":3,"column":12},"end":{"line":3,"column":33}},"type":"binary-expr","locations":[{"start":{"line":3,"column":12},"end":{"line":3,"column":15}},{"start":{"line":3,"column":19},"end":{"line":3,"column":33}}],"line":3}},"s":{"0":3,"1":3,"2":3,"3":3,"4":3,"5":3,"6":0,"7":0,"8":0,"9":0,"10":0,"11":3,"12":3,"13":0,"14":0,"15":0,"16":0,"17":0,"18":0,"19":3,"20":3,"21":0,"22":0,"23":0,"24":3},"f":{"0":3,"1":0,"2":0,"3":0},"b":{"0":[3,3,3],"1":[0,3],"2":[3,3]},"_coverageSchema":"1a1c01bbd47fc00a2c39e90264f33305004495a9","hash":"8d7f1596b4d4533d80f510c7e8403f5f43837adb"}
,"/Volumes/GHOUST/Coding/Node JS/Travel_Assistant/backend/dist/middlewares/errorHandler.js": {"path":"/Volumes/GHOUST/Coding/Node JS/Travel_Assistant/backend/dist/middlewares/errorHandler.js","statementMap":{"0":{"start":{"line":2,"column":0},"end":{"line":2,"column":62}},"1":{"start":{"line":3,"column":0},"end":{"line":3,"column":30}},"2":{"start":{"line":4,"column":21},"end":{"line":9,"column":1}},"3":{"start":{"line":5,"column":4},"end":{"line":5,"column":29}},"4":{"start":{"line":6,"column":4},"end":{"line":8,"column":7}},"5":{"start":{"line":10,"column":0},"end":{"line":10,"column":36}}},"fnMap":{"0":{"name":"(anonymous_0)","decl":{"start":{"line":4,"column":21},"end":{"line":4,"column":22}},"loc":{"start":{"line":4,"column":46},"end":{"line":9,"column":1}},"line":4}},"branchMap":{},"s":{"0":1,"1":1,"2":1,"3":0,"4":0,"5":1},"f":{"0":0},"b":{},"_coverageSchema":"1a1c01bbd47fc00a2c39e90264f33305004495a9","hash":"d826ac9a35b8ce832d0a3ea2b95bf822ad1c0ce3"}
,"/Volumes/GHOUST/Coding/Node JS/Travel_Assistant/backend/dist/models/dataService.js": {"path":"/Volumes/GHOUST/Coding/Node JS/Travel_Assistant/backend/dist/models/dataService.js","statementMap":{"0":{"start":{"line":2,"column":22},"end":{"line":4,"column":1}},"1":{"start":{"line":3,"column":4},"end":{"line":3,"column":62}},"2":{"start":{"line":5,"column":0},"end":{"line":5,"column":62}},"3":{"start":{"line":6,"column":0},"end":{"line":6,"column":111}},"4":{"start":{"line":7,"column":16},"end":{"line":7,"column":49}},"5":{"start":{"line":8,"column":21},"end":{"line":8,"column":53}},"6":{"start":{"line":9,"column":26},"end":{"line":19,"column":1}},"7":{"start":{"line":10,"column":4},"end":{"line":18,"column":5}},"8":{"start":{"line":11,"column":28},"end":{"line":11,"column":78}},"9":{"start":{"line":12,"column":25},"end":{"line":12,"column":62}},"10":{"start":{"line":13,"column":25},"end":{"line":13,"column":156}},"11":{"start":{"line":14,"column":8},"end":{"line":14,"column":29}},"12":{"start":{"line":17,"column":8},"end":{"line":17,"column":59}},"13":{"start":{"line":20,"column":0},"end":{"line":20,"column":46}},"14":{"start":{"line":21,"column":19},"end":{"line":31,"column":1}},"15":{"start":{"line":22,"column":4},"end":{"line":30,"column":5}},"16":{"start":{"line":23,"column":28},"end":{"line":23,"column":78}},"17":{"start":{"line":24,"column":25},"end":{"line":24,"column":62}},"18":{"start":{"line":25,"column":25},"end":{"line":25,"column":162}},"19":{"start":{"line":26,"column":8},"end":{"line":26,"column":29}},"20":{"start":{"line":29,"column":8},"end":{"line":29,"column":52}},"21":{"start":{"line":32,"column":0},"end":{"line":32,"column":32}},"22":{"start":{"line":33,"column":23},"end":{"line":41,"column":1}},"23":{"start":{"line":34,"column":4},"end":{"line":40,"column":5}},"24":{"start":{"line":35,"column":25},"end":{"line":35,"column":166}},"25":{"start":{"line":36,"column":8},"end":{"line":36,"column":29}},"26":{"start":{"line":39,"column":8},"end":{"line":39,"column":56}},"27":{"start":{"line":42,"column":0},"end":{"line":42,"column":40}},"28":{"start":{"line":43,"column":28},"end":{"line":54,"column":1}},"29":{"start":{"line":44,"column":4},"end":{"line":53,"column":5}},"30":{"start":{"line":45,"column":30},"end":{"line":45,"column":82}},"31":{"start":{"line":46,"column":25},"end":{"line":48,"column":9}},"32":{"start":{"line":49,"column":8},"end":{"line":49,"column":29}},"33":{"start":{"line":52,"column":8},"end":{"line":52,"column":62}},"34":{"start":{"line":55,"column":0},"end":{"line":55,"column":50}}},"fnMap":{"0":{"name":"(anonymous_0)","decl":{"start":{"line":2,"column":56},"end":{"line":2,"column":57}},"loc":{"start":{"line":2,"column":71},"end":{"line":4,"column":1}},"line":2},"1":{"name":"(anonymous_1)","decl":{"start":{"line":9,"column":26},"end":{"line":9,"column":27}},"loc":{"start":{"line":9,"column":42},"end":{"line":19,"column":1}},"line":9},"2":{"name":"(anonymous_2)","decl":{"start":{"line":21,"column":19},"end":{"line":21,"column":20}},"loc":{"start":{"line":21,"column":35},"end":{"line":31,"column":1}},"line":21},"3":{"name":"(anonymous_3)","decl":{"start":{"line":33,"column":23},"end":{"line":33,"column":24}},"loc":{"start":{"line":33,"column":39},"end":{"line":41,"column":1}},"line":33},"4":{"name":"(anonymous_4)","decl":{"start":{"line":43,"column":28},"end":{"line":43,"column":29}},"loc":{"start":{"line":43,"column":44},"end":{"line":54,"column":1}},"line":43}},"branchMap":{"0":{"loc":{"start":{"line":2,"column":22},"end":{"line":4,"column":1}},"type":"binary-expr","locations":[{"start":{"line":2,"column":23},"end":{"line":2,"column":27}},{"start":{"line":2,"column":31},"end":{"line":2,"column":51}},{"start":{"line":2,"column":56},"end":{"line":4,"column":1}}],"line":2},"1":{"loc":{"start":{"line":3,"column":11},"end":{"line":3,"column":61}},"type":"cond-expr","locations":[{"start":{"line":3,"column":37},"end":{"line":3,"column":40}},{"start":{"line":3,"column":43},"end":{"line":3,"column":61}}],"line":3},"2":{"loc":{"start":{"line":3,"column":12},"end":{"line":3,"column":33}},"type":"binary-expr","locations":[{"start":{"line":3,"column":12},"end":{"line":3,"column":15}},{"start":{"line":3,"column":19},"end":{"line":3,"column":33}}],"line":3}},"s":{"0":3,"1":3,"2":3,"3":3,"4":3,"5":3,"6":3,"7":0,"8":0,"9":0,"10":0,"11":0,"12":0,"13":3,"14":3,"15":0,"16":0,"17":0,"18":0,"19":0,"20":0,"21":3,"22":3,"23":0,"24":0,"25":0,"26":0,"27":3,"28":3,"29":0,"30":0,"31":0,"32":0,"33":0,"34":3},"f":{"0":3,"1":0,"2":0,"3":0,"4":0},"b":{"0":[3,3,3],"1":[0,3],"2":[3,3]},"_coverageSchema":"1a1c01bbd47fc00a2c39e90264f33305004495a9","hash":"0972ae67196f1bc5ba08eba89efdafb62e3478ed"}
,"/Volumes/GHOUST/Coding/Node JS/Travel_Assistant/backend/dist/provider/GenerateRefreshToken.js": {"path":"/Volumes/GHOUST/Coding/Node JS/Travel_Assistant/backend/dist/provider/GenerateRefreshToken.js","statementMap":{"0":{"start":{"line":2,"column":22},"end":{"line":4,"column":1}},"1":{"start":{"line":3,"column":4},"end":{"line":3,"column":62}},"2":{"start":{"line":5,"column":0},"end":{"line":5,"column":62}},"3":{"start":{"line":6,"column":0},"end":{"line":6,"column":38}},"4":{"start":{"line":7,"column":17},"end":{"line":7,"column":42}},"5":{"start":{"line":8,"column":16},"end":{"line":8,"column":49}},"6":{"start":{"line":11,"column":23},"end":{"line":11,"column":50}},"7":{"start":{"line":12,"column":26},"end":{"line":12,"column":73}},"8":{"start":{"line":13,"column":37},"end":{"line":18,"column":10}},"9":{"start":{"line":19,"column":8},"end":{"line":19,"column":36}},"10":{"start":{"line":22,"column":0},"end":{"line":22,"column":52}}},"fnMap":{"0":{"name":"(anonymous_0)","decl":{"start":{"line":2,"column":56},"end":{"line":2,"column":57}},"loc":{"start":{"line":2,"column":71},"end":{"line":4,"column":1}},"line":2},"1":{"name":"(anonymous_1)","decl":{"start":{"line":10,"column":4},"end":{"line":10,"column":5}},"loc":{"start":{"line":10,"column":26},"end":{"line":20,"column":5}},"line":10}},"branchMap":{"0":{"loc":{"start":{"line":2,"column":22},"end":{"line":4,"column":1}},"type":"binary-expr","locations":[{"start":{"line":2,"column":23},"end":{"line":2,"column":27}},{"start":{"line":2,"column":31},"end":{"line":2,"column":51}},{"start":{"line":2,"column":56},"end":{"line":4,"column":1}}],"line":2},"1":{"loc":{"start":{"line":3,"column":11},"end":{"line":3,"column":61}},"type":"cond-expr","locations":[{"start":{"line":3,"column":37},"end":{"line":3,"column":40}},{"start":{"line":3,"column":43},"end":{"line":3,"column":61}}],"line":3},"2":{"loc":{"start":{"line":3,"column":12},"end":{"line":3,"column":33}},"type":"binary-expr","locations":[{"start":{"line":3,"column":12},"end":{"line":3,"column":15}},{"start":{"line":3,"column":19},"end":{"line":3,"column":33}}],"line":3}},"s":{"0":4,"1":4,"2":4,"3":4,"4":4,"5":4,"6":0,"7":0,"8":0,"9":0,"10":4},"f":{"0":4,"1":0},"b":{"0":[4,4,4],"1":[0,4],"2":[4,4]},"_coverageSchema":"1a1c01bbd47fc00a2c39e90264f33305004495a9","hash":"c5c7bad16c9bb1b2640d8d09e287632814c86d26"}
,"/Volumes/GHOUST/Coding/Node JS/Travel_Assistant/backend/dist/provider/GenerateTokenProvider.js": {"path":"/Volumes/GHOUST/Coding/Node JS/Travel_Assistant/backend/dist/provider/GenerateTokenProvider.js","statementMap":{"0":{"start":{"line":2,"column":22},"end":{"line":4,"column":1}},"1":{"start":{"line":3,"column":4},"end":{"line":3,"column":62}},"2":{"start":{"line":5,"column":0},"end":{"line":5,"column":62}},"3":{"start":{"line":6,"column":0},"end":{"line":6,"column":39}},"4":{"start":{"line":7,"column":23},"end":{"line":7,"column":63}},"5":{"start":{"line":10,"column":22},"end":{"line":13,"column":55}},"6":{"start":{"line":14,"column":8},"end":{"line":14,"column":21}},"7":{"start":{"line":17,"column":0},"end":{"line":17,"column":54}}},"fnMap":{"0":{"name":"(anonymous_0)","decl":{"start":{"line":2,"column":56},"end":{"line":2,"column":57}},"loc":{"start":{"line":2,"column":71},"end":{"line":4,"column":1}},"line":2},"1":{"name":"(anonymous_1)","decl":{"start":{"line":9,"column":4},"end":{"line":9,"column":5}},"loc":{"start":{"line":9,"column":30},"end":{"line":15,"column":5}},"line":9}},"branchMap":{"0":{"loc":{"start":{"line":2,"column":22},"end":{"line":4,"column":1}},"type":"binary-expr","locations":[{"start":{"line":2,"column":23},"end":{"line":2,"column":27}},{"start":{"line":2,"column":31},"end":{"line":2,"column":51}},{"start":{"line":2,"column":56},"end":{"line":4,"column":1}}],"line":2},"1":{"loc":{"start":{"line":3,"column":11},"end":{"line":3,"column":61}},"type":"cond-expr","locations":[{"start":{"line":3,"column":37},"end":{"line":3,"column":40}},{"start":{"line":3,"column":43},"end":{"line":3,"column":61}}],"line":3},"2":{"loc":{"start":{"line":3,"column":12},"end":{"line":3,"column":33}},"type":"binary-expr","locations":[{"start":{"line":3,"column":12},"end":{"line":3,"column":15}},{"start":{"line":3,"column":19},"end":{"line":3,"column":33}}],"line":3}},"s":{"0":3,"1":3,"2":3,"3":3,"4":3,"5":0,"6":0,"7":3},"f":{"0":3,"1":0},"b":{"0":[3,3,3],"1":[0,3],"2":[3,3]},"_coverageSchema":"1a1c01bbd47fc00a2c39e90264f33305004495a9","hash":"8f1e52a71911ec716d535df4eac822caec6f8df6"}
,"/Volumes/GHOUST/Coding/Node JS/Travel_Assistant/backend/dist/routes/apiRouter.js": {"path":"/Volumes/GHOUST/Coding/Node JS/Travel_Assistant/backend/dist/routes/apiRouter.js","statementMap":{"0":{"start":{"line":2,"column":0},"end":{"line":2,"column":62}},"1":{"start":{"line":3,"column":16},"end":{"line":3,"column":34}},"2":{"start":{"line":4,"column":24},"end":{"line":4,"column":63}},"3":{"start":{"line":5,"column":15},"end":{"line":5,"column":31}},"4":{"start":{"line":6,"column":0},"end":{"line":6,"column":63}},"5":{"start":{"line":7,"column":0},"end":{"line":7,"column":49}},"6":{"start":{"line":8,"column":0},"end":{"line":8,"column":57}},"7":{"start":{"line":9,"column":0},"end":{"line":9,"column":67}},"8":{"start":{"line":10,"column":0},"end":{"line":10,"column":25}}},"fnMap":{},"branchMap":{},"s":{"0":2,"1":2,"2":2,"3":2,"4":2,"5":2,"6":2,"7":2,"8":2},"f":{},"b":{},"_coverageSchema":"1a1c01bbd47fc00a2c39e90264f33305004495a9","hash":"d2f0f5a7f0e1d245dadca0955c0b04d6cfde092a"}
,"/Volumes/GHOUST/Coding/Node JS/Travel_Assistant/backend/dist/routes/authRoutes.js": {"path":"/Volumes/GHOUST/Coding/Node JS/Travel_Assistant/backend/dist/routes/authRoutes.js","statementMap":{"0":{"start":{"line":2,"column":0},"end":{"line":2,"column":62}},"1":{"start":{"line":3,"column":18},"end":{"line":3,"column":36}},"2":{"start":{"line":4,"column":28},"end":{"line":4,"column":56}},"3":{"start":{"line":5,"column":25},"end":{"line":5,"column":65}},"4":{"start":{"line":6,"column":37},"end":{"line":6,"column":94}},"5":{"start":{"line":7,"column":17},"end":{"line":7,"column":42}},"6":{"start":{"line":8,"column":15},"end":{"line":8,"column":38}},"7":{"start":{"line":9,"column":35},"end":{"line":9,"column":96}},"8":{"start":{"line":10,"column":0},"end":{"line":13,"column":27}},"9":{"start":{"line":14,"column":0},"end":{"line":32,"column":30}},"10":{"start":{"line":20,"column":23},"end":{"line":20,"column":50}},"11":{"start":{"line":21,"column":24},"end":{"line":23,"column":10}},"12":{"start":{"line":24,"column":8},"end":{"line":26,"column":9}},"13":{"start":{"line":25,"column":12},"end":{"line":25,"column":83}},"14":{"start":{"line":33,"column":0},"end":{"line":35,"column":29}},"15":{"start":{"line":36,"column":0},"end":{"line":36,"column":65}},"16":{"start":{"line":37,"column":0},"end":{"line":37,"column":25}}},"fnMap":{"0":{"name":"(anonymous_0)","decl":{"start":{"line":19,"column":16},"end":{"line":19,"column":17}},"loc":{"start":{"line":19,"column":42},"end":{"line":27,"column":5}},"line":19}},"branchMap":{"0":{"loc":{"start":{"line":24,"column":8},"end":{"line":26,"column":9}},"type":"if","locations":[{"start":{"line":24,"column":8},"end":{"line":26,"column":9}},{"start":{},"end":{}}],"line":24}},"s":{"0":2,"1":2,"2":2,"3":2,"4":2,"5":2,"6":2,"7":2,"8":2,"9":2,"10":1,"11":1,"12":1,"13":0,"14":2,"15":2,"16":2},"f":{"0":1},"b":{"0":[0,1]},"_coverageSchema":"1a1c01bbd47fc00a2c39e90264f33305004495a9","hash":"de23046b99057610b2cbc77216873e5bb9efcd38"}
}
